# JRE version: OpenJDK Runtime Environment (Zulu 8.48.0.53-CA-linux64) (8.0_265-b11) (build 1.8.0_265-b11)
# Java VM: OpenJDK 64-Bit Server VM (25.265-b11 mixed mode linux-amd64 compressed oops)
Heap:
 PSYoungGen      total 611840K, used 0K [0x0000000580100000, 0x00000005aab80000, 0x0000000800000000)
  eden space 524800K, 0% used [0x0000000580100000,0x0000000580100000,0x00000005a0180000)
  from space 87040K, 0% used [0x00000005a0180000,0x00000005a0180000,0x00000005a5680000)
  to   space 87040K, 0% used [0x00000005a5680000,0x00000005a5680000,0x00000005aab80000)
 ParOldGen       total 1398272K, used 2742K [0x0000000080200000, 0x00000000d5780000, 0x0000000580100000)
  object space 1398272K, 0% used [0x0000000080200000,0x00000000804ad878,0x00000000d5780000)
 Metaspace       used 19976K, capacity 20156K, committed 20352K, reserved 1067008K
  class space    used 2341K, capacity 2425K, committed 2432K, reserved 1048576K
GC Heap History (10 events):
Event: 4.191 GC heap before
{Heap before GC invocations=2 (full 1):
 PSYoungGen      total 611840K, used 11541K [0x0000000580100000, 0x00000005aab80000, 0x0000000800000000)
  eden space 524800K, 0% used [0x0000000580100000,0x0000000580100000,0x00000005a0180000)
  from space 87040K, 13% used [0x00000005a0180000,0x00000005a0cc5538,0x00000005a5680000)
  to   space 87040K, 0% used [0x00000005a5680000,0x00000005a5680000,0x00000005aab80000)
 ParOldGen       total 1398272K, used 16K [0x0000000080200000, 0x00000000d5780000, 0x0000000580100000)
  object space 1398272K, 0% used [0x0000000080200000,0x0000000080204000,0x00000000d5780000)
 Metaspace       used 19689K, capacity 19846K, committed 20096K, reserved 1067008K
  class space    used 2343K, capacity 2427K, committed 2432K, reserved 1048576K
Event: 4.216 GC heap after
Heap after GC invocations=2 (full 1):
 PSYoungGen      total 611840K, used 0K [0x0000000580100000, 0x00000005aab80000, 0x0000000800000000)
  eden space 524800K, 0% used [0x0000000580100000,0x0000000580100000,0x00000005a0180000)
  from space 87040K, 0% used [0x00000005a0180000,0x00000005a0180000,0x00000005a5680000)
  to   space 87040K, 0% used [0x00000005a5680000,0x00000005a5680000,0x00000005aab80000)
 ParOldGen       total 1398272K, used 10142K [0x0000000080200000, 0x00000000d5780000, 0x0000000580100000)
  object space 1398272K, 0% used [0x0000000080200000,0x0000000080be7af8,0x00000000d5780000)
 Metaspace       used 19680K, capacity 19836K, committed 20096K, reserved 1067008K
  class space    used 2341K, capacity 2425K, committed 2432K, reserved 1048576K
}
Event: 5.499 GC heap before
{Heap before GC invocations=3 (full 1):
 PSYoungGen      total 611840K, used 364722K [0x0000000580100000, 0x00000005aab80000, 0x0000000800000000)
  eden space 524800K, 69% used [0x0000000580100000,0x000000059652c950,0x00000005a0180000)
  from space 87040K, 0% used [0x00000005a0180000,0x00000005a0180000,0x00000005a5680000)
  to   space 87040K, 0% used [0x00000005a5680000,0x00000005a5680000,0x00000005aab80000)
 ParOldGen       total 1398272K, used 10142K [0x0000000080200000, 0x00000000d5780000, 0x0000000580100000)
  object space 1398272K, 0% used [0x0000000080200000,0x0000000080be7af8,0x00000000d5780000)
 Metaspace       used 19824K, capacity 20038K, committed 20352K, reserved 1067008K
  class space    used 2343K, capacity 2427K, committed 2432K, reserved 1048576K
Event: 5.504 GC heap after
Heap after GC invocations=3 (full 1):
 PSYoungGen      total 611840K, used 544K [0x0000000580100000, 0x00000005aab80000, 0x0000000800000000)
  eden space 524800K, 0% used [0x0000000580100000,0x0000000580100000,0x00000005a0180000)
  from space 87040K, 0% used [0x00000005a5680000,0x00000005a5708000,0x00000005aab80000)
  to   space 87040K, 0% used [0x00000005a0180000,0x00000005a0180000,0x00000005a5680000)
 ParOldGen       total 1398272K, used 10150K [0x0000000080200000, 0x00000000d5780000, 0x0000000580100000)
  object space 1398272K, 0% used [0x0000000080200000,0x0000000080be9af8,0x00000000d5780000)
 Metaspace       used 19824K, capacity 20038K, committed 20352K, reserved 1067008K
  class space    used 2343K, capacity 2427K, committed 2432K, reserved 1048576K
}
Event: 5.504 GC heap before
{Heap before GC invocations=4 (full 2):
 PSYoungGen      total 611840K, used 544K [0x0000000580100000, 0x00000005aab80000, 0x0000000800000000)
  eden space 524800K, 0% used [0x0000000580100000,0x0000000580100000,0x00000005a0180000)
  from space 87040K, 0% used [0x00000005a5680000,0x00000005a5708000,0x00000005aab80000)
  to   space 87040K, 0% used [0x00000005a0180000,0x00000005a0180000,0x00000005a5680000)
 ParOldGen       total 1398272K, used 10150K [0x0000000080200000, 0x00000000d5780000, 0x0000000580100000)
  object space 1398272K, 0% used [0x0000000080200000,0x0000000080be9af8,0x00000000d5780000)
 Metaspace       used 19824K, capacity 20038K, committed 20352K, reserved 1067008K
  class space    used 2343K, capacity 2427K, committed 2432K, reserved 1048576K
Event: 5.544 GC heap after
Heap after GC invocations=4 (full 2):
 PSYoungGen      total 611840K, used 0K [0x0000000580100000, 0x00000005aab80000, 0x0000000800000000)
  eden space 524800K, 0% used [0x0000000580100000,0x0000000580100000,0x00000005a0180000)
  from space 87040K, 0% used [0x00000005a5680000,0x00000005a5680000,0x00000005aab80000)
  to   space 87040K, 0% used [0x00000005a0180000,0x00000005a0180000,0x00000005a5680000)
 ParOldGen       total 1398272K, used 2737K [0x0000000080200000, 0x00000000d5780000, 0x0000000580100000)
  object space 1398272K, 0% used [0x0000000080200000,0x00000000804ac768,0x00000000d5780000)
 Metaspace       used 19816K, capacity 20028K, committed 20352K, reserved 1067008K
  class space    used 2341K, capacity 2425K, committed 2432K, reserved 1048576K
}
Event: 6.324 GC heap before
{Heap before GC invocations=5 (full 2):
 PSYoungGen      total 611840K, used 256534K [0x0000000580100000, 0x00000005aab80000, 0x0000000800000000)
  eden space 524800K, 48% used [0x0000000580100000,0x000000058fb859b0,0x00000005a0180000)
  from space 87040K, 0% used [0x00000005a5680000,0x00000005a5680000,0x00000005aab80000)
  to   space 87040K, 0% used [0x00000005a0180000,0x00000005a0180000,0x00000005a5680000)
 ParOldGen       total 1398272K, used 2737K [0x0000000080200000, 0x00000000d5780000, 0x0000000580100000)
  object space 1398272K, 0% used [0x0000000080200000,0x00000000804ac768,0x00000000d5780000)
 Metaspace       used 19984K, capacity 20166K, committed 20352K, reserved 1067008K
  class space    used 2343K, capacity 2427K, committed 2432K, reserved 1048576K
Event: 6.327 GC heap after
Heap after GC invocations=5 (full 2):
 PSYoungGen      total 611840K, used 160K [0x0000000580100000, 0x00000005aab80000, 0x0000000800000000)
  eden space 524800K, 0% used [0x0000000580100000,0x0000000580100000,0x00000005a0180000)
  from space 87040K, 0% used [0x00000005a0180000,0x00000005a01a8000,0x00000005a5680000)
  to   space 87040K, 0% used [0x00000005a5680000,0x00000005a5680000,0x00000005aab80000)
 ParOldGen       total 1398272K, used 2745K [0x0000000080200000, 0x00000000d5780000, 0x0000000580100000)
  object space 1398272K, 0% used [0x0000000080200000,0x00000000804ae768,0x00000000d5780000)
 Metaspace       used 19984K, capacity 20166K, committed 20352K, reserved 1067008K
  class space    used 2343K, capacity 2427K, committed 2432K, reserved 1048576K
}
Event: 6.327 GC heap before
{Heap before GC invocations=6 (full 3):
 PSYoungGen      total 611840K, used 160K [0x0000000580100000, 0x00000005aab80000, 0x0000000800000000)
  eden space 524800K, 0% used [0x0000000580100000,0x0000000580100000,0x00000005a0180000)
  from space 87040K, 0% used [0x00000005a0180000,0x00000005a01a8000,0x00000005a5680000)
  to   space 87040K, 0% used [0x00000005a5680000,0x00000005a5680000,0x00000005aab80000)
 ParOldGen       total 1398272K, used 2745K [0x0000000080200000, 0x00000000d5780000, 0x0000000580100000)
  object space 1398272K, 0% used [0x0000000080200000,0x00000000804ae768,0x00000000d5780000)
 Metaspace       used 19984K, capacity 20166K, committed 20352K, reserved 1067008K
  class space    used 2343K, capacity 2427K, committed 2432K, reserved 1048576K
Event: 6.354 GC heap after
Heap after GC invocations=6 (full 3):
 PSYoungGen      total 611840K, used 0K [0x0000000580100000, 0x00000005aab80000, 0x0000000800000000)
  eden space 524800K, 0% used [0x0000000580100000,0x0000000580100000,0x00000005a0180000)
  from space 87040K, 0% used [0x00000005a0180000,0x00000005a0180000,0x00000005a5680000)
  to   space 87040K, 0% used [0x00000005a5680000,0x00000005a5680000,0x00000005aab80000)
 ParOldGen       total 1398272K, used 2742K [0x0000000080200000, 0x00000000d5780000, 0x0000000580100000)
  object space 1398272K, 0% used [0x0000000080200000,0x00000000804ad878,0x00000000d5780000)
 Metaspace       used 19976K, capacity 20156K, committed 20352K, reserved 1067008K
  class space    used 2341K, capacity 2425K, committed 2432K, reserved 1048576K
}

