# JRE version: OpenJDK Runtime Environment (Zulu 8.48.0.53-CA-linux64) (8.0_265-b11) (build 1.8.0_265-b11)
# Java VM: OpenJDK 64-Bit Server VM (25.265-b11 mixed mode linux-amd64 compressed oops)
Heap:
 PSYoungGen      total 526336K, used 0K [0x0000000580100000, 0x00000005acf80000, 0x0000000800000000)
  eden space 524288K, 0% used [0x0000000580100000,0x0000000580100000,0x00000005a0100000)
  from space 2048K, 0% used [0x00000005acd80000,0x00000005acd80000,0x00000005acf80000)
  to   space 14336K, 0% used [0x00000005ab380000,0x00000005ab380000,0x00000005ac180000)
 ParOldGen       total 1398272K, used 2844K [0x0000000080200000, 0x00000000d5780000, 0x0000000580100000)
  object space 1398272K, 0% used [0x0000000080200000,0x00000000804c71b0,0x00000000d5780000)
 Metaspace       used 20815K, capacity 21346K, committed 21632K, reserved 1069056K
  class space    used 2433K, capacity 2588K, committed 2688K, reserved 1048576K
GC Heap History (10 events):
Event: 67158.249 GC heap before
{Heap before GC invocations=20 (full 4):
 PSYoungGen      total 525312K, used 576K [0x0000000580100000, 0x00000005adc80000, 0x0000000800000000)
  eden space 524288K, 0% used [0x0000000580100000,0x0000000580100000,0x00000005a0100000)
  from space 1024K, 56% used [0x00000005adb80000,0x00000005adc10000,0x00000005adc80000)
  to   space 15360K, 0% used [0x00000005abe80000,0x00000005abe80000,0x00000005acd80000)
 ParOldGen       total 1398272K, used 2760K [0x0000000080200000, 0x00000000d5780000, 0x0000000580100000)
  object space 1398272K, 0% used [0x0000000080200000,0x00000000804b2238,0x00000000d5780000)
 Metaspace       used 20349K, capacity 20702K, committed 20992K, reserved 1067008K
  class space    used 2382K, capacity 2495K, committed 2560K, reserved 1048576K
Event: 67158.289 GC heap after
Heap after GC invocations=20 (full 4):
 PSYoungGen      total 525312K, used 0K [0x0000000580100000, 0x00000005adc80000, 0x0000000800000000)
  eden space 524288K, 0% used [0x0000000580100000,0x0000000580100000,0x00000005a0100000)
  from space 1024K, 0% used [0x00000005adb80000,0x00000005adb80000,0x00000005adc80000)
  to   space 15360K, 0% used [0x00000005abe80000,0x00000005abe80000,0x00000005acd80000)
 ParOldGen       total 1398272K, used 2368K [0x0000000080200000, 0x00000000d5780000, 0x0000000580100000)
  object space 1398272K, 0% used [0x0000000080200000,0x0000000080450128,0x00000000d5780000)
 Metaspace       used 20314K, capacity 20646K, committed 20992K, reserved 1067008K
  class space    used 2374K, capacity 2482K, committed 2560K, reserved 1048576K
}
Event: 67160.390 GC heap before
{Heap before GC invocations=21 (full 4):
 PSYoungGen      total 525312K, used 339940K [0x0000000580100000, 0x00000005adc80000, 0x0000000800000000)
  eden space 524288K, 64% used [0x0000000580100000,0x0000000594cf9198,0x00000005a0100000)
  from space 1024K, 0% used [0x00000005adb80000,0x00000005adb80000,0x00000005adc80000)
  to   space 15360K, 0% used [0x00000005abe80000,0x00000005abe80000,0x00000005acd80000)
 ParOldGen       total 1398272K, used 2368K [0x0000000080200000, 0x00000000d5780000, 0x0000000580100000)
  object space 1398272K, 0% used [0x0000000080200000,0x0000000080450128,0x00000000d5780000)
 Metaspace       used 20407K, capacity 20756K, committed 20992K, reserved 1067008K
  class space    used 2379K, capacity 2490K, committed 2560K, reserved 1048576K
Event: 67160.395 GC heap after
Heap after GC invocations=21 (full 4):
 PSYoungGen      total 539648K, used 736K [0x0000000580100000, 0x00000005adc00000, 0x0000000800000000)
  eden space 524288K, 0% used [0x0000000580100000,0x0000000580100000,0x00000005a0100000)
  from space 15360K, 4% used [0x00000005abe80000,0x00000005abf38000,0x00000005acd80000)
  to   space 14848K, 0% used [0x00000005acd80000,0x00000005acd80000,0x00000005adc00000)
 ParOldGen       total 1398272K, used 2376K [0x0000000080200000, 0x00000000d5780000, 0x0000000580100000)
  object space 1398272K, 0% used [0x0000000080200000,0x0000000080452128,0x00000000d5780000)
 Metaspace       used 20407K, capacity 20756K, committed 20992K, reserved 1067008K
  class space    used 2379K, capacity 2490K, committed 2560K, reserved 1048576K
}
Event: 67160.395 GC heap before
{Heap before GC invocations=22 (full 5):
 PSYoungGen      total 539648K, used 736K [0x0000000580100000, 0x00000005adc00000, 0x0000000800000000)
  eden space 524288K, 0% used [0x0000000580100000,0x0000000580100000,0x00000005a0100000)
  from space 15360K, 4% used [0x00000005abe80000,0x00000005abf38000,0x00000005acd80000)
  to   space 14848K, 0% used [0x00000005acd80000,0x00000005acd80000,0x00000005adc00000)
 ParOldGen       total 1398272K, used 2376K [0x0000000080200000, 0x00000000d5780000, 0x0000000580100000)
  object space 1398272K, 0% used [0x0000000080200000,0x0000000080452128,0x00000000d5780000)
 Metaspace       used 20407K, capacity 20756K, committed 20992K, reserved 1067008K
  class space    used 2379K, capacity 2490K, committed 2560K, reserved 1048576K
Event: 67160.432 GC heap after
Heap after GC invocations=22 (full 5):
 PSYoungGen      total 539648K, used 0K [0x0000000580100000, 0x00000005adc00000, 0x0000000800000000)
  eden space 524288K, 0% used [0x0000000580100000,0x0000000580100000,0x00000005a0100000)
  from space 15360K, 0% used [0x00000005abe80000,0x00000005abe80000,0x00000005acd80000)
  to   space 14848K, 0% used [0x00000005acd80000,0x00000005acd80000,0x00000005adc00000)
 ParOldGen       total 1398272K, used 2751K [0x0000000080200000, 0x00000000d5780000, 0x0000000580100000)
  object space 1398272K, 0% used [0x0000000080200000,0x00000000804afdc0,0x00000000d5780000)
 Metaspace       used 20398K, capacity 20746K, committed 20992K, reserved 1067008K
  class space    used 2378K, capacity 2488K, committed 2560K, reserved 1048576K
}
Event: 67162.507 GC heap before
{Heap before GC invocations=23 (full 5):
 PSYoungGen      total 539648K, used 247027K [0x0000000580100000, 0x00000005adc00000, 0x0000000800000000)
  eden space 524288K, 47% used [0x0000000580100000,0x000000058f23ce08,0x00000005a0100000)
  from space 15360K, 0% used [0x00000005abe80000,0x00000005abe80000,0x00000005acd80000)
  to   space 14848K, 0% used [0x00000005acd80000,0x00000005acd80000,0x00000005adc00000)
 ParOldGen       total 1398272K, used 2751K [0x0000000080200000, 0x00000000d5780000, 0x0000000580100000)
  object space 1398272K, 0% used [0x0000000080200000,0x00000000804afdc0,0x00000000d5780000)
 Metaspace       used 20823K, capacity 21356K, committed 21632K, reserved 1069056K
  class space    used 2435K, capacity 2590K, committed 2688K, reserved 1048576K
Event: 67162.528 GC heap after
Heap after GC invocations=23 (full 5):
 PSYoungGen      total 526336K, used 1600K [0x0000000580100000, 0x00000005acf80000, 0x0000000800000000)
  eden space 524288K, 0% used [0x0000000580100000,0x0000000580100000,0x00000005a0100000)
  from space 2048K, 78% used [0x00000005acd80000,0x00000005acf10000,0x00000005acf80000)
  to   space 14336K, 0% used [0x00000005ab380000,0x00000005ab380000,0x00000005ac180000)
 ParOldGen       total 1398272K, used 2751K [0x0000000080200000, 0x00000000d5780000, 0x0000000580100000)
  object space 1398272K, 0% used [0x0000000080200000,0x00000000804afdc0,0x00000000d5780000)
 Metaspace       used 20823K, capacity 21356K, committed 21632K, reserved 1069056K
  class space    used 2435K, capacity 2590K, committed 2688K, reserved 1048576K
}
Event: 67162.529 GC heap before
{Heap before GC invocations=24 (full 6):
 PSYoungGen      total 526336K, used 1600K [0x0000000580100000, 0x00000005acf80000, 0x0000000800000000)
  eden space 524288K, 0% used [0x0000000580100000,0x0000000580100000,0x00000005a0100000)
  from space 2048K, 78% used [0x00000005acd80000,0x00000005acf10000,0x00000005acf80000)
  to   space 14336K, 0% used [0x00000005ab380000,0x00000005ab380000,0x00000005ac180000)
 ParOldGen       total 1398272K, used 2751K [0x0000000080200000, 0x00000000d5780000, 0x0000000580100000)
  object space 1398272K, 0% used [0x0000000080200000,0x00000000804afdc0,0x00000000d5780000)
 Metaspace       used 20823K, capacity 21356K, committed 21632K, reserved 1069056K
  class space    used 2435K, capacity 2590K, committed 2688K, reserved 1048576K
Event: 67162.586 GC heap after
Heap after GC invocations=24 (full 6):
 PSYoungGen      total 526336K, used 0K [0x0000000580100000, 0x00000005acf80000, 0x0000000800000000)
  eden space 524288K, 0% used [0x0000000580100000,0x0000000580100000,0x00000005a0100000)
  from space 2048K, 0% used [0x00000005acd80000,0x00000005acd80000,0x00000005acf80000)
  to   space 14336K, 0% used [0x00000005ab380000,0x00000005ab380000,0x00000005ac180000)
 ParOldGen       total 1398272K, used 2844K [0x0000000080200000, 0x00000000d5780000, 0x0000000580100000)
  object space 1398272K, 0% used [0x0000000080200000,0x00000000804c71b0,0x00000000d5780000)
 Metaspace       used 20815K, capacity 21346K, committed 21632K, reserved 1069056K
  class space    used 2433K, capacity 2588K, committed 2688K, reserved 1048576K
}

